[2025-06-27T15:51:24.205306] PEER 2000012024 - Отклонено: https://vk.com/mura_bot
[2025-06-27T15:51:24.287259] PEER 2000012024 - Отклонено: https://vk.com/mura_bot
[2025-06-27T15:53:54.838008] PEER 2000000844 - Отклонено: что
[2025-06-27T15:53:58.066776] PEER 2000009004 - Отклонено: 
[2025-06-27T15:54:14.280230] PEER 2000000844 - Отклонено: сука
[2025-06-27T15:54:19.944708] PEER 2000000844 - Отклонено: ++++++++
[2025-06-27T15:58:23.219469] PEER 2000012024 - Отклонено: https://vk.com/mura_bot
[2025-06-27T15:58:23.336699] PEER 2000012024 - Отклонено: https://vk.com/mura_bot
[2025-06-27T15:58:24.630291] PEER 2000012024 - Отклонено: https://vk.com/mura_bot
[2025-06-27T15:58:24.691011] PEER 2000012024 - Отклонено: https://vk.com/mura_bot
[2025-06-27T16:02:29.708924] PEER 2000009004 - Отклонено: АХАААХАА
[2025-06-27T16:02:35.551007] PEER 2000009004 - Отклонено: ХАПХХПАХАХХПХ
[2025-06-27T16:02:38.511048] PEER 2000009004 - Отклонено: харош
[2025-06-27T16:03:31.519080] PEER 2000009004 - Отклонено: Был!
[2025-06-27T16:05:22.439798] PEER 2000006949 - Отклонено: 
[2025-06-27T16:05:26.818529] PEER 2000006949 - Отклонено: 
[2025-06-27T16:05:32.915137] PEER 2000006949 - Отклонено: пиздеу
[2025-06-27T16:05:46.808550] PEER 2000006949 - Отклонено: а
[2025-06-27T16:06:14.715756] PEER 2000006949 - Отклонено: Заебала
[2025-06-27T16:14:42.016513] PEER 2000007214 - Отклонено: фууууууууууууууууууууу
[2025-06-27T16:15:48.644229] PEER 2000011926 - Отклонено: 
[2025-06-27T16:19:38.702882] PEER 2000000844 - Отклонено: ЧТО КОНКРЕТНО
[2025-06-27T16:28:29.438069] PEER 2000007214 - Отклонено: 
[2025-06-27T16:35:19.511844] PEER 2000007214 - Отклонено: даже не проверила воду...а она....... ПРОЗРАЧНАЯ
[2025-06-27T16:37:10.034952] PEER 2000010802 - Отклонено: 
[2025-06-27T16:37:13.321886] PEER 2000010802 - Отклонено: 
[2025-06-27T16:37:23.539372] PEER 2000010802 - Отклонено: Прикольно
[2025-06-27T16:41:39.834944] PEER 2000007214 - Отклонено: ОРУУУУУУУУУУУУ
[2025-06-27T16:41:50.924990] PEER 2000007214 - Отклонено: КАКОЙ ЗВОНОК БОЖЕ УПАСИ
[2025-06-27T16:42:15.425359] PEER 2000009129 - Отклонено: 
[2025-06-27T16:42:19.606219] PEER 2000009129 - Отклонено: Даня?
[2025-06-27T16:42:58.624405] PEER 2000009129 - Отклонено: Лол
[2025-06-27T16:43:23.522062] PEER 2000007214 - Отклонено: ОБОЖАЮ
[2025-06-27T16:43:27.322709] PEER 2000007214 - Отклонено: +++
[2025-06-27T16:43:41.832606] PEER 2000007214 - Отклонено: 
[2025-06-27T16:46:38.414898] PEER 2000008490 - Отклонено: 
[2025-06-27T16:47:35.021486] PEER 2000007214 - Отклонено: ПОЧЕМУ ТЫ МНЕ НЕ РАССКАЗЫВАЛ БЛ
[2025-06-27T16:47:41.124111] PEER 2000007214 - Отклонено: 
[2025-06-27T16:50:02.212674] PEER 2000008490 - Отклонено: Мура
[2025-06-27T16:50:05.326843] PEER 2000007214 - Отклонено: ...
[2025-06-27T16:50:15.027317] PEER 2000007214 - Отклонено: нет
[2025-06-27T16:50:43.286716] PEER 2000008490 - Отклонено: 
[2025-06-27T16:51:16.313737] PEER 2000004465 - Отклонено: Факт!
[2025-06-27T16:51:36.417669] PEER 2000012014 - Отклонено: /цитата
[2025-06-27T16:52:36.422995] PEER 2000012014 - Отклонено: /цитата
[2025-06-27T16:54:27.354536] PEER 2000012000 - Отклонено: окак
[2025-06-27T16:56:34.414525] PEER 2000007214 - Отклонено: ЭОТ
[2025-06-27T17:04:16.123871] PEER 2000008163 - Отклонено: Писька
[2025-06-27T17:05:12.326618] PEER 2000007214 - Отклонено: 
[2025-06-27T17:05:35.288461] PEER 2000011850 - Отклонено: @all схода завтра не будет
[2025-06-27T17:05:36.006719] PEER 2000011850 - Отклонено: !
[2025-06-27T17:05:42.180544] PEER 2000011850 - Отклонено: @all схода завтра не будет
[2025-06-27T17:05:42.408150] PEER 2000011850 - Отклонено: 
[2025-06-27T17:05:54.328154] PEER 2000011736 - Отклонено: 
[2025-06-27T17:05:58.560761] PEER 2000009850 - Отклонено: 
[2025-06-27T17:07:12.616646] PEER 2000007214 - Отклонено: ПОЧЕМУ
[2025-06-27T17:07:22.874312] PEER 2000012010 - Отклонено: /
[2025-06-27T17:12:59.621369] PEER 2000009864 - Отклонено: 
[2025-06-27T17:13:10.625166] PEER 2000009864 - Отклонено: Ебать
[2025-06-27T17:13:34.917306] PEER 2000009864 - Отклонено: Кажется
[2025-06-27T17:13:41.523016] PEER 2000009864 - Отклонено: Скажиии
[2025-06-27T17:13:53.521730] PEER 2000007214 - Отклонено: э м еня 375 ДОЛЛАРОВ...а вот фигму я в стиле винкс.......
[2025-06-27T17:16:00.410282] PEER 2000000844 - Отклонено: ЭТО Я БЛЯТЬ НИКИТЕ
[2025-06-27T17:16:43.617721] PEER 2000007214 - Отклонено: Итого после этого пожелания:
Ужасная погода
Холодрыга
Дождь херачит
Ветер сумасшедший
Свет в магазине отключили пришлось платить переводом
Свет дома отключили на час
👍👍👍👍👍👍👍👍👍
[2025-06-27T17:17:09.326479] PEER 2000000844 - Отклонено: Необычно?
[2025-06-27T17:17:25.170861] PEER 2000012026 - Отклонено: 
[2025-06-27T17:18:03.427921] PEER 2000012026 - Отклонено: Э
[2025-06-27T17:18:10.921443] PEER 2000012026 - Отклонено: ?
[2025-06-27T17:18:46.361480] PEER 2000012000 - Отклонено: Отак
[2025-06-27T17:20:41.639161] PEER 2000007214 - Отклонено: 
[2025-06-27T17:20:51.927990] PEER 2000007214 - Отклонено: ооо
[2025-06-27T17:23:35.504247] PEER 2000007214 - Отклонено: 
[2025-06-27T17:27:46.602803] PEER 2000011736 - Отклонено: 
[2025-06-27T17:27:47.815729] PEER 2000009850 - Отклонено: 
[2025-06-27T17:29:36.845399] PEER 2000011736 - Отклонено: 
[2025-06-27T17:29:38.937591] PEER 2000009850 - Отклонено: 
[2025-06-27T17:32:34.958717] PEER 2000011736 - Отклонено: 
[2025-06-27T17:32:36.728058] PEER 2000009850 - Отклонено: 
[2025-06-27T17:37:15.890471] PEER 2000009516 - Отклонено: 
[2025-06-27T17:37:21.578768] PEER 2000011736 - Отклонено: 
[2025-06-27T17:37:23.643395] PEER 2000009850 - Отклонено: 
[2025-06-27T17:44:33.903614] PEER 2000007004 - Отклонено: Самскара
[2025-06-27T17:45:28.926812] PEER 2000011641 - Отклонено: 
[2025-06-27T17:46:39.710462] PEER 2000007214 - Отклонено: ЧТООО СГЛЫПА
[2025-06-27T17:46:54.366800] PEER 2000007214 - Отклонено: НУ НЕ ТАКЕ БУКВАЛЬНО ЖЕ ГОСПОДИ
[2025-06-27T17:47:50.705475] PEER 2000007004 - Отклонено: 
[2025-06-27T17:48:54.356119] PEER 2000007214 - Отклонено: ...
[2025-06-27T17:53:09.334317] PEER 2000008490 - Отклонено: 
[2025-06-27T17:53:22.829628] PEER 2000007214 - Отклонено: что!!!!! я буду
[2025-06-27T17:54:10.604664] PEER 2000007004 - Отклонено: Харам
[2025-06-27T17:58:13.632311] PEER 2000007214 - Отклонено: 
[2025-06-27T17:58:24.922190] PEER 2000007214 - Отклонено: потому что ты...........
[2025-06-27T17:59:46.424500] PEER 2000007214 - Отклонено: 
[2025-06-27T18:00:09.351793] PEER 2000011736 - Отклонено: 
[2025-06-27T18:00:10.722011] PEER 2000009850 - Отклонено: 
[2025-06-27T18:04:25.839989] PEER 2000007214 - Отклонено: :(
[2025-06-27T18:05:11.629042] PEER 2000008490 - Отклонено: 
[2025-06-27T18:05:15.814661] PEER 2000009129 - Отклонено: Топ
[2025-06-27T18:05:17.533623] PEER 2000009129 - Отклонено: 📊 РЕЙТИНГ УЧАСТНИКОВ ПО СООБЩЕНИЯМ ЗА СЕГОДНЯ:

1. [https://vk.com/id81650330|Милая Эльфийка] -- 7
2. [https://vk.com/id295454337|чутчут🤏 милый] -- 2
3. [https://vk.com/id236163753|санечка] -- 2
4. [https://vk.com/id156336575|Альберт] -- 1

🌍Всего участников: 5                       
💬Всего сообщений: 12
[2025-06-27T18:05:33.346331] PEER 2000009129 - Отклонено: 
[2025-06-27T18:08:59.025478] PEER 2000009129 - Отклонено: Хооошо
[2025-06-27T18:10:38.602682] PEER 2000008226 - Отклонено: милашка
[2025-06-27T18:10:54.333174] PEER 2000008226 - Отклонено: ебанашка
[2025-06-27T18:13:41.451996] PEER 2000009004 - Отклонено: ХВХХАХАХВ
[2025-06-27T18:13:54.618226] PEER 2000009004 - Отклонено: есть
[2025-06-27T18:17:12.225526] PEER 2000008490 - Отклонено: 
[2025-06-27T18:19:48.145293] PEER 2000008490 - Отклонено: 
[2025-06-27T18:21:35.014006] PEER 2000007214 - Отклонено: ОРУ
[2025-06-27T18:22:40.720035] PEER 2000009973 - Отклонено: 
[2025-06-27T18:22:48.450084] PEER 2000009973 - Отклонено: 
[2025-06-27T18:23:20.932436] PEER 2000007214 - Отклонено: ОНАААААААААА
[2025-06-27T18:23:51.105846] PEER 2000007214 - Отклонено: поч
[2025-06-27T18:23:55.725284] PEER 2000007214 - Отклонено: https://vk.com/wall-203417919_3895
вот у тебюя грузит?
[2025-06-27T18:24:19.708059] PEER 2000007214 - Отклонено: да
[2025-06-27T18:24:42.516929] PEER 2000007214 - Отклонено: 
[2025-06-27T18:27:00.866257] PEER 2000009516 - Отклонено: 
[2025-06-27T18:27:55.725406] PEER 2000000537 - Отклонено: 
[2025-06-27T18:27:57.072697] PEER 2000000537 - Отклонено: 
[2025-06-27T18:32:11.028593] PEER 2000009129 - Отклонено: 
[2025-06-27T18:32:46.918160] PEER 2000007214 - Отклонено: ААААААААААААААААА боже НО
[2025-06-27T18:32:49.707620] PEER 2000007214 - Отклонено: ясно.
[2025-06-27T18:35:18.138590] PEER 2000007214 - Отклонено: да
[2025-06-27T18:35:28.565934] PEER 2000007214 - Отклонено: ЧТОООООООООООООООООООООООООООООООООООООООООООООО это не тот ответ на который я рассчитывала
[2025-06-27T18:36:39.827523] PEER 2000007214 - Отклонено: в аптеке дали это вот итошг оцени.....-_-
[2025-06-27T18:37:21.812161] PEER 2000007214 - Отклонено: ТАК ГДЕ ФОТО
[2025-06-27T18:38:21.630110] PEER 2000007214 - Отклонено: 
[2025-06-27T18:38:27.003593] PEER 2000007214 - Отклонено: Орууууууууу жиза да прекрати уже слухи
[2025-06-27T18:39:01.662689] PEER 2000009129 - Отклонено: Что?
[2025-06-27T18:39:05.921255] PEER 2000007214 - Отклонено: оруууууууууууууууууууууууууууууу хоть бы на кровать села
[2025-06-27T18:39:09.103220] PEER 2000007214 - Отклонено: .....спасибо
[2025-06-27T18:39:13.906222] PEER 2000009129 - Отклонено: 
[2025-06-27T18:44:08.069958] PEER 2000004925 - Отклонено: Бобжур
[2025-06-27T18:44:22.664988] PEER 2000004925 - Отклонено: 
[2025-06-27T18:45:14.503037] PEER 2000007214 - Отклонено: ааааой
[2025-06-27T18:46:56.114584] PEER 2000007214 - Отклонено: 
[2025-06-27T18:47:03.912593] PEER 2000007214 - Отклонено: 
[2025-06-27T18:48:47.091087] PEER 2000012036 - Отклонено: 
[2025-06-27T18:50:05.814362] PEER 2000007214 - Отклонено: ОО
[2025-06-27T18:50:45.719853] PEER 2000004925 - Отклонено: Привит
[2025-06-27T18:51:00.912065] PEER 2000004925 - Отклонено: 🌚
[2025-06-27T18:51:08.613932] PEER 2000004925 - Отклонено: Жсаюа
[2025-06-27T18:51:11.608557] PEER 2000004925 - Отклонено: Игры
[2025-06-27T18:51:24.911740] PEER 2000004925 - Отклонено: 
[2025-06-27T18:51:36.515396] PEER 2000004925 - Отклонено: Ие3аа
[2025-06-27T18:51:59.037206] PEER 2000004925 - Отклонено: Акчвпоголд
[2025-06-27T18:52:04.830003] PEER 2000004925 - Отклонено: S g
[2025-06-27T18:52:47.725088] PEER 2000004925 - Отклонено: Ммукрг
[2025-06-27T19:01:51.502837] PEER 2000007214 - Отклонено: знаешь а я вот считаю что я идеальная мать для пушка! Понимаешь я лучшая женщина мать кошковая. Я его мотивирую на развитие. Я РЕГУЛЯРНО(!!) КАЖДЫЙ(!!!!!!!!!!!!!!) день на него повышенным голосом говорю, что он бездарь, напоминаю, что у него нет ни образования, ни работы, ни стремления к обучению, денег у него нет, и сидит он на моей шее, на шее своей матери. И я постоянно ему напоминаю, что он сидит на моей шее. Понимашеь я стимулирую его на развитие и наконец на получение образолвания, что по сути САМОЕ главное в нашем мире, без образования ну человека даже за человека считать нельзя, и на то, чтобы он начал сам себя обеспечивать. Да он мне еще спасибо скажет.
[2025-06-27T19:02:44.302569] PEER 2000007214 - Отклонено: А СРАЗУ ТАК НЕЛЬЗЯ БЫЛО ЧТОЛЬ Я НЕ ПОНИМАЮ
[2025-06-27T19:05:54.642034] PEER 2000007214 - Отклонено: САМА ЗНАЕШЬ КОМУ ЕТО
[2025-06-27T19:05:56.967797] PEER 2000012026 - Отклонено: 
[2025-06-27T19:06:07.231516] PEER 2000007214 - Отклонено: ОРУУУУ
[2025-06-27T19:06:31.546005] PEER 2000011736 - Отклонено: 
[2025-06-27T19:06:32.710921] PEER 2000009850 - Отклонено: 
[2025-06-27T19:06:49.107962] PEER 2000007214 - Отклонено: 
[2025-06-27T19:07:26.115102] PEER 2000007214 - Отклонено: +++++++++++++++++++++++++++++++++++++++
[2025-06-27T19:15:24.758692] PEER 2000010220 - Отклонено: 
[2025-06-27T19:15:32.002601] PEER 2000009041 - Отклонено: @all летняя распродажа в стиме началась
[2025-06-27T19:18:15.461549] PEER 2000011850 - Отклонено: 
[2025-06-27T19:18:32.606837] PEER 2000010220 - Отклонено: 🤫
[2025-06-27T19:18:36.334604] PEER 2000010220 - Отклонено: 
[2025-06-27T19:19:34.107979] PEER 2000010220 - Отклонено: (смотреть)
[2025-06-27T19:20:05.409786] PEER 2000010220 - Отклонено: 
[2025-06-27T19:20:18.605611] PEER 2000010220 - Отклонено: 
[2025-06-27T19:20:20.704448] PEER 2000010220 - Отклонено: Наврали
[2025-06-27T19:20:40.792223] PEER 2000004465 - Отклонено: 
[2025-06-27T19:21:59.804822] PEER 2000010220 - Отклонено: 
[2025-06-27T19:23:34.028475] PEER 2000008226 - Отклонено: красава
[2025-06-27T19:23:47.816637] PEER 2000010220 - Отклонено: Неправда😡
[2025-06-27T19:23:48.002258] PEER 2000007214 - Отклонено: АХРЕНЕТЬ посмотрела историю и поняла что по сути с 9 июня я вообще ни одгного выходного не делала лол я даже не заметила.............. ну вернее так то с 3 числа по факту ибо с 3 по 27 ни одного простойного дня, но с 3 по 9 было пару дней, где было 195-300 рублей, так что я их считаю выходнгыми
шокирует, ибо я вроде как успевала все это время и поигрунькать и порисовать
превращаюсь в викторию чемберлиди в  общем
[2025-06-27T19:23:56.008862] PEER 2000010220 - Отклонено: 🤭
[2025-06-27T19:24:22.421256] PEER 2000007214 - Отклонено: ТИ ЗАБОЛЕЛА...
[2025-06-27T19:24:54.308124] PEER 2000007214 - Отклонено: видимо...
[2025-06-27T19:25:19.227889] PEER 2000010220 - Отклонено: кстати
[2025-06-27T19:25:49.808347] PEER 2000007214 - Отклонено: обожаю.
[2025-06-27T19:25:57.505972] PEER 2000007214 - Отклонено: о.0
[2025-06-27T19:26:17.224511] PEER 2000007214 - Отклонено: 
[2025-06-27T19:26:30.307116] PEER 2000007214 - Отклонено: хорош
[2025-06-27T19:26:45.517356] PEER 2000010220 - Отклонено: Повернулась
[2025-06-27T19:26:59.505308] PEER 2000007214 - Отклонено: ой..
[2025-06-27T19:27:02.405733] PEER 2000007214 - Отклонено: чакра
[2025-06-27T19:27:12.019036] PEER 2000007214 - Отклонено: ОРУУУУУУУУУУУУУУУУУУУ ОБОЖАЮ
[2025-06-27T19:27:25.420000] PEER 2000011926 - Отклонено: 
[2025-06-27T19:27:31.605771] PEER 2000007214 - Отклонено: дааааа
[2025-06-27T19:27:46.304582] PEER 2000007214 - Отклонено: ЛЕГОНАВИДУЮ
[2025-06-27T19:27:52.112480] PEER 2000007214 - Отклонено: ЧТО НАХУЙ
[2025-06-27T19:28:09.820055] PEER 2000007214 - Отклонено: ЧТОГГОООООООООО
[2025-06-27T19:28:26.521830] PEER 2000010220 - Отклонено: Обычные
[2025-06-27T19:28:43.506232] PEER 2000007214 - Отклонено: обожаю
[2025-06-27T19:29:27.820025] PEER 2000007214 - Отклонено: 
[2025-06-27T19:29:33.624753] PEER 2000007214 - Отклонено: с
[2025-06-27T19:29:38.221840] PEER 2000010220 - Отклонено: дэ🚬
[2025-06-27T19:29:42.317981] PEER 2000010220 - Отклонено: Ням
[2025-06-27T19:29:53.910117] PEER 2000008490 - Отклонено: 
[2025-06-27T19:29:56.895995] PEER 2000008490 - Отклонено: 
[2025-06-27T19:30:02.122451] PEER 2000008490 - Отклонено: 
[2025-06-27T19:30:38.913913] PEER 2000007214 - Отклонено: ЧТООО
[2025-06-27T19:30:43.043271] PEER 2000008490 - Отклонено: 
[2025-06-27T19:30:48.618245] PEER 2000010220 - Отклонено: Нужен
[2025-06-27T19:30:56.522576] PEER 2000007214 - Отклонено: да
[2025-06-27T19:30:58.292408] PEER 2000008490 - Отклонено: 
[2025-06-27T19:31:00.565102] PEER 2000010220 - Отклонено: Хорошо
[2025-06-27T19:39:55.046839] PEER 2000010220 - Отклонено: Умерла?
[2025-06-27T19:39:58.519660] PEER 2000010220 - Отклонено: Летали
[2025-06-27T19:40:06.728848] PEER 2000010220 - Отклонено: 💀
[2025-06-27T19:41:23.927711] PEER 2000010220 - Отклонено: ДА ЗАТКНИСЬ
[2025-06-27T19:41:33.737919] PEER 2000010220 - Отклонено: /смеяться
[2025-06-27T19:51:49.637037] PEER 2000008490 - Отклонено: 
[2025-06-27T19:52:09.161170] PEER 2000008490 - Отклонено: Огонь
[2025-06-27T19:52:28.471903] PEER 2000008490 - Отклонено: 
[2025-06-27T19:52:29.521733] PEER 2000008490 - Отклонено: 
[2025-06-27T19:52:31.131626] PEER 2000008490 - Отклонено: 
[2025-06-27T19:52:47.794694] PEER 2000008490 - Отклонено: 
[2025-06-27T19:52:49.005896] PEER 2000008490 - Отклонено: 
[2025-06-27T19:53:55.676673] PEER 2000008490 - Отклонено: 
[2025-06-27T19:53:56.528236] PEER 2000008490 - Отклонено: 
[2025-06-27T20:03:07.736049] PEER 2000011926 - Отклонено: 
[2025-06-27T20:07:20.765674] PEER 2000009129 - Отклонено: 
[2025-06-27T20:08:37.020188] PEER 2000009129 - Отклонено: 
[2025-06-27T20:08:37.517517] PEER 2000009129 - Отклонено: Месть
[2025-06-27T20:08:51.221247] PEER 2000009129 - Отклонено: 
[2025-06-27T20:12:29.417940] PEER 2000009129 - Отклонено: Ужас
[2025-06-27T20:13:45.039375] PEER 2000009129 - Отклонено: 
[2025-06-27T20:13:58.611894] PEER 2000009129 - Отклонено: Не
[2025-06-27T20:15:16.709879] PEER 2000008490 - Отклонено: 
[2025-06-27T20:15:31.726613] PEER 2000008490 - Отклонено: 
[2025-06-27T20:15:45.001281] PEER 2000008490 - Отклонено: 
[2025-06-27T20:17:09.167128] PEER 2000008490 - Отклонено: Косичка
[2025-06-27T20:40:39.719379] PEER 2000012024 - Отклонено: Мпавпвапвпавп
[2025-06-27T20:41:32.534036] PEER 2000008371 - Отклонено: Пипец
[2025-06-27T20:51:22.391939] PEER 2000007214 - Отклонено: БЛЯТЬ ДА.
[2025-06-27T20:52:54.705917] PEER 2000007214 - Отклонено: ДА ТЫ ЕЁ ВПЕРВЫЕ ВИДИШЬ А УЖЕ ШЛЕНДРОЙ НАЗЫВАЕШЬ У ТЕБЯ С ГОЛОВОЙ НОРМ ВСЕ?
[2025-06-27T20:52:56.431191] PEER 2000000537 - Отклонено: https://lordfilm-black10.com/filmy-boeviki/768-film-28-let-spustja-2025.html
[2025-06-27T20:52:58.316108] PEER 2000000537 - Отклонено: https://lordfilm-black10.com/filmy-boeviki/768-film-28-let-spustja-2025.html
[2025-06-27T20:53:05.671188] PEER 2000007214 - Отклонено: ОРУУУУ ВЕРНО
[2025-06-27T20:53:14.435136] PEER 2000009004 - Отклонено: давай
[2025-06-27T20:53:30.892571] PEER 2000007214 - Отклонено: +++++++++++
[2025-06-27T20:53:39.618358] PEER 2000007214 - Отклонено: ОРУ
[2025-06-27T20:54:51.074734] PEER 2000007214 - Отклонено: +++++ так и надо кстати
[2025-06-27T20:55:23.311403] PEER 2000009004 - Отклонено: аххахаха
[2025-06-27T20:57:03.848882] PEER 2000009004 - Отклонено: [club198889999|@mura_bot]
[2025-06-27T20:57:11.806328] PEER 2000009004 - Отклонено: АХАХХВАХВХАХВАХХАХХАХАХВ
[2025-06-27T20:57:37.861866] PEER 2000009004 - Отклонено: чистота
[2025-06-27T20:58:05.204702] PEER 2000007214 - Отклонено: ОРУУУУУУУУУУУУУУУУУУУУУУ
[2025-06-27T21:00:33.148383] PEER 2000007214 - Отклонено: ОРУУУУУУУУУУУУ
[2025-06-27T21:09:39.589609] PEER 2000007214 - Отклонено: скуф
[2025-06-27T21:09:39.632778] PEER 2000007214 - Отклонено: Да.
[2025-06-27T21:09:40.573779] PEER 2000007214 - Отклонено: ТАК И ЕСТЬ
[2025-06-27T21:09:40.583280] PEER 2000007214 - Отклонено: ТЫ ЧТО-ТО ИМЕЕШЬ ПРОТИВ
[2025-06-27T21:11:04.770332] PEER 2000007214 - Отклонено: Нет
[2025-06-27T21:11:34.018341] PEER 2000007214 - Отклонено: Нет.
[2025-06-27T21:11:38.118960] PEER 2000007214 - Отклонено: почему
[2025-06-27T21:18:10.197361] PEER 2000011850 - Отклонено: :(
[2025-06-27T21:22:25.483811] PEER 2000007214 - Отклонено: .....
[2025-06-27T21:27:47.373219] PEER 2000007214 - Отклонено: аааааааааааа
[2025-06-27T21:29:39.209624] PEER 2000011641 - Отклонено: Хе
[2025-06-27T21:30:18.096261] PEER 2000011641 - Отклонено: Хоровьем
[2025-06-27T21:30:55.921134] PEER 2000011641 - Отклонено: Ммм
[2025-06-27T21:31:03.893452] PEER 2000011641 - Отклонено: Ща
[2025-06-27T21:31:58.014283] PEER 2000007214 - Отклонено: ОРУ
[2025-06-27T21:32:01.292260] PEER 2000009004 - Отклонено: [id612136157|@natashikkkkkkkk] ну пжпжпж сглыпченко..
[2025-06-27T21:32:31.928756] PEER 2000007214 - Отклонено: ТАК И ЕСТЬ
[2025-06-27T21:32:43.549158] PEER 2000011641 - Отклонено: Ахах)
[2025-06-27T21:32:59.264842] PEER 2000007214 - Отклонено: верим
[2025-06-27T21:34:46.707395] PEER 2000007214 - Отклонено: круто
[2025-06-27T21:36:33.787037] PEER 2000007214 - Отклонено: ААААААААААААААААААА
[2025-06-27T21:36:51.206101] PEER 2000007214 - Отклонено: КАРТИНКИ СТАЛИ 83
[2025-06-27T21:36:54.967052] PEER 2000007214 - Отклонено: обожаююююююююююююююююююююююююююю
[2025-06-27T21:44:53.693397] PEER 2000007214 - Отклонено: ну это хотя бы рандом но........................ точно 5 пулов?
[2025-06-27T21:46:15.276919] PEER 2000007214 - Отклонено: за
[2025-06-27T21:46:17.812293] PEER 2000007214 - Отклонено: ща
[2025-06-27T21:46:47.711355] PEER 2000007214 - Отклонено: яхз
[2025-06-27T21:47:32.301712] PEER 2000007214 - Отклонено: НУ УЖ ТОЧНО ОНО НЕ МОГЛО ОПУСТИТЬСЯ ТАК БЫСТРО И ТАК СИЛЬНО АЛО
[2025-06-27T21:47:58.408274] PEER 2000007214 - Отклонено: 88.
[2025-06-27T21:49:24.106754] PEER 2000004860 - Отклонено: ало
[2025-06-27T21:49:28.942184] PEER 2000004860 - Отклонено: еблан?
[2025-06-27T21:49:52.698148] PEER 2000004860 - Отклонено: ??
[2025-06-27T21:49:59.653337] PEER 2000004860 - Отклонено: сглыпа
[2025-06-27T21:50:04.799462] PEER 2000004860 - Отклонено: сглыпа
[2025-06-27T21:50:24.981483] PEER 2000004860 - Отклонено: я ты
[2025-06-27T21:50:30.398020] PEER 2000004860 - Отклонено: я ты
[2025-06-27T21:54:33.448322] PEER 2000004860 - Отклонено: ТЫ ПОНИМАЕШЬ ЧТО ТЫ ОТ МОЕЙ ЗАЛУПЫ ПРЯЧШЬСЯ В ПИЗДАКЕ СВОЕЙ МАТЕРИ КАК НАХУЙ В БУНКЕРЕ, А Я СВОИМ ХУЁМ ЕГО НА СКВОЗЬ ПРОШИЛ И ТЕБЕ В ЕБАЛО ПОПАЛ))
[2025-06-27T21:55:23.317927] PEER 2000007214 - Отклонено: +
[2025-06-27T21:56:38.514396] PEER 2000004860 - Отклонено: s g
[2025-06-28T01:48:37.120844] PEER 2000012000 - Отклонено: хохохо
[2025-06-28T03:31:27.307474] PEER 2000011872 - Отклонено: Понял
[2025-06-28T04:00:15.002797] PEER 2000008434 - Отклонено: [id559481570|@lev_a_a]
[2025-06-28T04:02:29.511037] PEER 2000008434 - Отклонено: чтоо
[2025-06-28T04:02:33.810300] PEER 2000008434 - Отклонено: хах
[2025-06-28T04:06:18.866053] PEER 2000008434 - Отклонено: Эхохохуий
[2025-06-28T04:08:32.707714] PEER 2000008434 - Отклонено: Хех
[2025-06-28T04:08:47.716458] PEER 2000008434 - Отклонено: Да
[2025-06-28T04:09:17.514917] PEER 2000008434 - Отклонено: Хах
[2025-06-28T04:10:11.110762] PEER 2000008434 - Отклонено: дирьмо
[2025-06-28T04:14:10.018823] PEER 2000008434 - Отклонено: Рил
[2025-06-28T04:17:15.462571] PEER 2000008434 - Отклонено: /команды
[2025-06-28T04:43:34.897613] PEER 2000008490 - Отклонено: ?)
[2025-06-28T05:13:01.063456] PEER 2000006949 - Отклонено: ПХХАХАХА
[2025-06-28T05:13:14.316997] PEER 2000006949 - Отклонено: ужас
[2025-06-28T05:14:56.992827] PEER 2000011557 - Отклонено: Какого
[2025-06-28T05:15:12.410690] PEER 2000011557 - Отклонено: Мда
[2025-06-28T05:19:28.340156] PEER 2000011557 - Отклонено: Тоамп
[2025-06-28T05:19:32.498076] PEER 2000011557 - Отклонено: Оама
[2025-06-28T05:19:45.113164] PEER 2000011557 - Отклонено: Ахахахах
[2025-06-28T05:19:48.678180] PEER 2000011557 - Отклонено: Гарма
[2025-06-28T05:19:51.909895] PEER 2000011557 - Отклонено: -rep
[2025-06-28T05:19:57.637214] PEER 2000011557 - Отклонено: +вайб
[2025-06-28T05:30:26.656483] PEER 2000009129 - Отклонено: Ураааааа
[2025-06-28T05:33:26.400396] PEER 2000011557 - Отклонено: Ахахахахаха
[2025-06-28T05:46:00.528721] PEER 2000006949 - Отклонено: мура
[2025-06-28T05:46:02.139865] PEER 2000006949 - Отклонено: Хз
[2025-06-28T05:46:19.994351] PEER 2000006949 - Отклонено: Хахаха
[2025-06-28T05:46:22.844115] PEER 2000006949 - Отклонено: Аххахаах
[2025-06-28T05:46:34.354554] PEER 2000006949 - Отклонено: Посмеялся
[2025-06-28T05:49:19.915701] PEER 2000006949 - Отклонено: влад
[2025-06-28T05:52:54.333520] PEER 2000006949 - Отклонено: Наблюдает
[2025-06-28T05:53:16.823758] PEER 2000006949 - Отклонено: Лол
[2025-06-28T05:53:21.554633] PEER 2000006949 - Отклонено: Почему
[2025-06-28T05:53:35.025055] PEER 2000006949 - Отклонено: Ударить
[2025-06-28T05:53:50.306448] PEER 2000006949 - Отклонено: Кай
[2025-06-28T05:53:53.752165] PEER 2000006949 - Отклонено: Ударить
[2025-06-28T05:54:03.131743] PEER 2000006949 - Отклонено: Ударить
[2025-06-28T05:54:17.996181] PEER 2000006949 - Отклонено: Убить
[2025-06-28T05:54:21.251411] PEER 2000006949 - Отклонено: Втффф
[2025-06-28T05:54:24.859877] PEER 2000006949 - Отклонено: АЛЛОРР
[2025-06-28T05:55:22.212870] PEER 2000009129 - Отклонено: Уговорила
[2025-06-28T05:56:55.745860] PEER 2000009129 - Отклонено: Ахахахха
[2025-06-28T06:04:00.946829] PEER 2000009129 - Отклонено: Аааааа
[2025-06-28T06:11:53.327483] PEER 2000009129 - Отклонено: Ужас
[2025-06-28T06:14:38.319791] PEER 2000009129 - Отклонено: Фу
[2025-06-28T06:23:52.265447] PEER 2000009129 - Отклонено: конечно
[2025-06-28T06:31:56.855006] PEER 2000009129 - Отклонено: 6°...
[2025-06-28T06:34:03.195640] PEER 2000009129 - Отклонено: Сладкая
[2025-06-28T06:35:30.874316] PEER 2000009129 - Отклонено: Утютю
[2025-06-28T07:11:30.330371] PEER 2000009129 - Отклонено: Котенок?
[2025-06-28T07:12:51.510212] PEER 2000006949 - Отклонено: жаль
[2025-06-28T07:14:11.056946] PEER 2000006949 - Отклонено: Кресло
[2025-06-28T07:14:17.455130] PEER 2000006949 - Отклонено: Красивое
[2025-06-28T07:14:48.106674] PEER 2000006949 - Отклонено: ооооооо
[2025-06-28T07:15:12.911230] PEER 2000006949 - Отклонено: 17
[2025-06-28T07:35:09.608463] PEER 2000009129 - Отклонено: Даа
[2025-06-28T07:35:17.164541] PEER 2000012010 - Отклонено: /
[2025-06-28T08:20:00.691651] PEER 2000011557 - Отклонено: Да
[2025-06-28T08:21:27.561204] PEER 2000011557 - Отклонено: Кончать
[2025-06-28T08:21:53.786009] PEER 2000011557 - Отклонено: детей
[2025-06-28T08:22:48.394548] PEER 2000011557 - Отклонено: +50
[2025-06-28T08:23:41.514270] PEER 2000011557 - Отклонено: Кого
[2025-06-28T08:26:10.002450] PEER 2000011557 - Отклонено: ауф
[2025-06-28T08:32:45.861923] PEER 2000011557 - Отклонено: Аххааххааххахахахаха
[2025-06-28T08:34:35.662215] PEER 2000011557 - Отклонено: Бляяяяяять
[2025-06-28T08:34:49.891540] PEER 2000011557 - Отклонено: Жиза
[2025-06-28T08:35:15.416406] PEER 2000011557 - Отклонено: Кто
[2025-06-28T08:35:29.416590] PEER 2000011557 - Отклонено: Ясно
[2025-06-28T08:36:40.939920] PEER 2000011557 - Отклонено: Пизда
[2025-06-28T08:36:48.602736] PEER 2000011557 - Отклонено: Хуй
[2025-06-28T08:36:53.931120] PEER 2000011557 - Отклонено: Кизно
[2025-06-28T08:37:41.279234] PEER 2000011557 - Отклонено: Идеально
[2025-06-28T08:40:24.229272] PEER 2000011557 - Отклонено: Оррр
[2025-06-28T08:40:27.708652] PEER 2000011557 - Отклонено: Рр
[2025-06-28T08:41:47.897310] PEER 2000011557 - Отклонено: Да
[2025-06-28T08:42:24.995687] PEER 2000011557 - Отклонено: Да
[2025-06-28T08:42:37.230904] PEER 2000011557 - Отклонено: Зачем
[2025-06-28T08:43:00.119818] PEER 2000011557 - Отклонено: Нет
[2025-06-28T08:43:06.303433] PEER 2000011557 - Отклонено: Кого
[2025-06-28T08:43:08.935897] PEER 2000011557 - Отклонено: Кого
[2025-06-28T08:43:15.571463] PEER 2000011557 - Отклонено: Пошли
[2025-06-28T08:43:30.000417] PEER 2000011557 - Отклонено: Нет
[2025-06-28T08:43:32.099143] PEER 2000011557 - Отклонено: да
[2025-06-28T08:43:41.440800] PEER 2000011557 - Отклонено: Выебал
[2025-06-28T08:43:43.501150] PEER 2000011557 - Отклонено: да
[2025-06-28T08:43:44.497873] PEER 2000011557 - Отклонено: Саня
[2025-06-28T08:43:52.010324] PEER 2000011557 - Отклонено: Мда
[2025-06-28T08:44:26.132926] PEER 2000011557 - Отклонено: аххахаха
[2025-06-28T08:44:33.999004] PEER 2000011557 - Отклонено: да
[2025-06-28T08:44:41.657306] PEER 2000011557 - Отклонено: Захахахахазазазазазазазах
[2025-06-28T08:44:50.637771] PEER 2000011557 - Отклонено: детей
[2025-06-28T08:45:03.248424] PEER 2000011557 - Отклонено: Кошкобар
[2025-06-28T08:45:41.898637] PEER 2000011557 - Отклонено: жуй
[2025-06-28T08:46:15.941831] PEER 2000011557 - Отклонено: Ооооо
[2025-06-28T08:46:22.976962] PEER 2000011557 - Отклонено: Всему миру на злооооо
[2025-06-28T08:46:38.850092] PEER 2000011557 - Отклонено: Аха0ахахахахах
[2025-06-28T08:47:25.635393] PEER 2000011557 - Отклонено: Пивас
[2025-06-28T08:47:35.224201] PEER 2000011557 - Отклонено: .
[2025-06-28T08:47:45.148775] PEER 2000011557 - Отклонено: Ахазазахаза0а9а9а9а9а9ме2тшуел8мо8м2етш8цкпош91скьг8цкпьш91кпг8м1кш9ь2епгь8м2к9шь2м4г8ь42пьг8
[2025-06-28T08:48:06.130595] PEER 2000011557 - Отклонено: АХАХАХАХАХАХАХАХАХА0А00А
[2025-06-28T08:48:35.243407] PEER 2000011557 - Отклонено: детей
[2025-06-28T08:49:34.197461] PEER 2000011557 - Отклонено: го
[2025-06-28T08:49:38.396756] PEER 2000011557 - Отклонено: ща
[2025-06-28T08:50:04.418680] PEER 2000011984 - Отклонено: 👀
[2025-06-28T08:50:10.510984] PEER 2000006949 - Отклонено: о
[2025-06-28T08:50:31.032992] PEER 2000011557 - Отклонено: 🍑
[2025-06-28T08:51:45.669279] PEER 2000006949 - Отклонено: АХАХАХАХ
[2025-06-28T08:52:27.013498] PEER 2000006949 - Отклонено: мура
[2025-06-28T08:53:25.382206] PEER 2000006949 - Отклонено: эээээ
[2025-06-28T08:54:05.761565] PEER 2000011557 - Отклонено: Ахахахахахахахахахахахахаха0а0а0а0ахахахахаха
[2025-06-28T08:54:06.052419] PEER 2000006949 - Отклонено: ВХАХАХАХХАХХПХХАахахах
[2025-06-28T08:54:49.446491] PEER 2000011557 - Отклонено: Абоба
[2025-06-28T08:54:53.153054] PEER 2000011557 - Отклонено: Абоба
[2025-06-28T08:54:57.501771] PEER 2000011557 - Отклонено: Абоба
[2025-06-28T08:55:01.987313] PEER 2000011557 - Отклонено: Молодец
[2025-06-28T08:56:33.299918] PEER 2000011557 - Отклонено: Леза
[2025-06-28T08:56:36.624417] PEER 2000011557 - Отклонено: Леха
[2025-06-28T08:56:38.902642] PEER 2000011557 - Отклонено: Лёха
[2025-06-28T08:56:54.199950] PEER 2000011557 - Отклонено: Леха
[2025-06-28T08:56:58.399283] PEER 2000011557 - Отклонено: Леха
[2025-06-28T08:57:00.992529] PEER 2000011557 - Отклонено: Леха
[2025-06-28T08:57:03.020556] PEER 2000011557 - Отклонено: Лёха
[2025-06-28T08:57:11.902523] PEER 2000011557 - Отклонено: Леха
[2025-06-28T08:57:18.401869] PEER 2000011557 - Отклонено: Леха
[2025-06-28T08:57:29.423173] PEER 2000011557 - Отклонено: Лёха?
[2025-06-28T08:57:33.045872] PEER 2000011557 - Отклонено: Леха!
[2025-06-28T08:57:37.242441] PEER 2000011557 - Отклонено: Леха!?
[2025-06-28T08:57:41.739353] PEER 2000011557 - Отклонено: Леха?!
[2025-06-28T09:01:50.555920] PEER 2000006949 - Отклонено: #СКАЗАЧНОЕБАЛИ
[2025-06-28T09:02:54.562119] PEER 2000006949 - Отклонено: ХАХАХАХА
[2025-06-28T09:03:08.860183] PEER 2000006949 - Отклонено: анжелика
[2025-06-28T09:03:31.406659] PEER 2000006949 - Отклонено: АХАХАХАХХА
[2025-06-28T09:03:50.923072] PEER 2000006949 - Отклонено: хихи
[2025-06-28T09:05:51.614028] PEER 2000006949 - Отклонено: 🫠😅
[2025-06-28T09:06:02.278119] PEER 2000006949 - Отклонено: 🫠😅лол
[2025-06-28T09:07:24.618256] PEER 2000006949 - Отклонено: Бляя
[2025-06-28T09:08:04.685302] PEER 2000006949 - Отклонено: Помойка
[2025-06-28T09:08:40.261556] PEER 2000006949 - Отклонено: f[f[f
[2025-06-28T09:10:45.346206] PEER 2000011557 - Отклонено: Ахаххахахахахах
[2025-06-28T09:13:35.581376] PEER 2000011557 - Отклонено: вкусна
[2025-06-28T09:13:46.250951] PEER 2000011557 - Отклонено: долбоеб
[2025-06-28T09:13:57.849800] PEER 2000011557 - Отклонено: детей
[2025-06-28T09:20:27.488653] PEER 2000007214 - Отклонено: Оруууууууу
[2025-06-28T09:40:16.602217] PEER 2000009129 - Отклонено: Хахахахах
[2025-06-28T09:47:09.764633] PEER 2000011969 - Отклонено: Дарова
[2025-06-28T09:47:12.937882] PEER 2000011969 - Отклонено: Круто
[2025-06-28T09:47:53.417881] PEER 2000011969 - Отклонено: Да
[2025-06-28T09:49:22.719404] PEER 2000006949 - Отклонено: оо
[2025-06-28T09:49:52.213111] PEER 2000006949 - Отклонено: и чо
[2025-06-28T09:50:06.960179] PEER 2000006949 - Отклонено: уу
[2025-06-28T09:53:10.056972] PEER 2000006949 - Отклонено: рандомный
[2025-06-28T09:55:27.226575] PEER 2000011969 - Отклонено: /цитгер
[2025-06-28T10:01:10.525443] PEER 2000007214 - Отклонено: пиздец
[2025-06-28T10:05:33.906708] PEER 2000006949 - Отклонено: оруууууу
[2025-06-28T10:08:07.600580] PEER 2000011969 - Отклонено: Нет.
[2025-06-28T10:08:17.405971] PEER 2000011969 - Отклонено: 1⃣
[2025-06-28T10:08:20.642794] PEER 2000011969 - Отклонено: Работаем
[2025-06-28T10:08:24.499469] PEER 2000011969 - Отклонено: Пжпж
[2025-06-28T10:10:00.669147] PEER 2000007214 - Отклонено: ИСТЕРИКА
[2025-06-28T10:12:08.198701] PEER 2000007214 - Отклонено: орууууууу надо так же сказать будет
[2025-06-28T10:15:37.701661] PEER 2000010802 - Отклонено: 😁😁😁😁
[2025-06-28T10:42:56.766340] PEER 2000006949 - Отклонено: Согласен
[2025-06-28T10:43:51.613076] PEER 2000006949 - Отклонено: лох
[2025-06-28T10:49:11.902490] PEER 2000012040 - Отклонено: ахахахаха
[2025-06-28T10:49:17.518082] PEER 2000012040 - Отклонено: лол
[2025-06-28T10:49:19.614515] PEER 2000012040 - Отклонено: /g
[2025-06-28T10:50:08.065505] PEER 2000012040 - Отклонено: привет
[2025-06-28T10:50:35.809298] PEER 2000012040 - Отклонено: /g
[2025-06-28T10:50:59.896087] PEER 2000007971 - Отклонено: 😂
[2025-06-28T10:51:02.661135] PEER 2000012040 - Отклонено: Хахахахаха
[2025-06-28T10:51:16.284560] PEER 2000012040 - Отклонено: 13:00
[2025-06-28T10:51:19.758572] PEER 2000012040 - Отклонено: Блять
[2025-06-28T10:51:23.582958] PEER 2000012040 - Отклонено: опять?
[2025-06-28T10:51:52.257081] PEER 2000012040 - Отклонено: Хаджар
[2025-06-28T11:06:06.660299] PEER 2000006949 - Отклонено: дуэль
[2025-06-28T11:06:57.553325] PEER 2000006949 - Отклонено: ударить
[2025-06-28T11:07:23.853529] PEER 2000006949 - Отклонено: просто
[2025-06-28T11:07:37.117368] PEER 2000006949 - Отклонено: ирис
[2025-06-28T11:20:12.670576] PEER 2000006949 - Отклонено: Почему?
[2025-06-28T11:38:33.859966] PEER 2000011533 - Отклонено: @all АВЫ, НА ФОН КЛАНОВСКИЙ КОМУ НОВЫЕ СДЕЛАТЬ, КИДАЙТЕ МНЕ В ЛИЧКУ, ПОКА СВОБОДНАЯ МИНУТКА ЕСТЬ СЕГОДНЯ, СДЕЛАЮ
[2025-06-28T11:52:38.769179] PEER 2000006949 - Отклонено: ебатб
[2025-06-28T11:53:04.413509] PEER 2000006949 - Отклонено: нно
[2025-06-28T11:53:10.108232] PEER 2000006949 - Отклонено: дыра
[2025-06-28T11:53:25.004511] PEER 2000007214 - Отклонено: обожаю
[2025-06-28T11:53:38.316488] PEER 2000006949 - Отклонено: эй
[2025-06-28T11:53:40.744524] PEER 2000006949 - Отклонено: лепешка
[2025-06-28T11:54:11.924085] PEER 2000006949 - Отклонено: пора
[2025-06-28T11:54:21.451777] PEER 2000006949 - Отклонено: Балбах
[2025-06-28T11:54:26.708019] PEER 2000006949 - Отклонено: ла
[2025-06-28T11:54:31.004332] PEER 2000006949 - Отклонено: да
[2025-06-28T11:54:34.156595] PEER 2000006949 - Отклонено: седан
[2025-06-28T11:54:38.670959] PEER 2000006949 - Отклонено: азыпвупха
[2025-06-28T11:54:58.163511] PEER 2000006949 - Отклонено: анжелика
[2025-06-28T11:55:30.651978] PEER 2000006949 - Отклонено: подстаканники
[2025-06-28T11:55:39.805797] PEER 2000006949 - Отклонено: иииу
[2025-06-28T11:56:06.866318] PEER 2000006949 - Отклонено: хахаха
[2025-06-28T11:56:21.356888] PEER 2000006949 - Отклонено: Ахахахаххаах
[2025-06-28T11:59:50.412367] PEER 2000006949 - Отклонено: .
[2025-06-28T12:00:47.017118] PEER 2000006949 - Отклонено: .
[2025-06-28T12:00:59.558446] PEER 2000007214 - Отклонено: не
[2025-06-28T12:01:06.422589] PEER 2000006949 - Отклонено: нет
[2025-06-28T12:01:06.519235] PEER 2000007214 - Отклонено: ВАУ
[2025-06-28T12:12:38.958338] PEER 2000006949 - Отклонено: Жестко
[2025-06-28T12:14:34.072672] PEER 2000007214 - Отклонено: даааааа
[2025-06-28T12:31:54.208526] PEER 2000006949 - Отклонено: зачем
[2025-06-28T12:32:40.502986] PEER 2000006949 - Отклонено: хи
[2025-06-28T12:43:15.798177] PEER 2000012010 - Отклонено: /
[2025-06-28T12:47:43.732251] PEER 2000012024 - Отклонено: павпавпавпавпавпвп
[2025-06-28T12:47:48.253186] PEER 2000012024 - Отклонено: ппавпавпвапвапвап
[2025-06-28T12:47:59.373438] PEER 2000012024 - Отклонено: ахуел
[2025-06-28T12:48:00.349501] PEER 2000012024 - Отклонено: бля
[2025-06-28T12:48:04.403325] PEER 2000012024 - Отклонено: сука
[2025-06-28T12:48:05.387133] PEER 2000012024 - Отклонено: БЛЯТЬ
[2025-06-28T12:48:06.648508] PEER 2000012024 - Отклонено: ЗАЕБАЛ
